<?xml version="1.0" encoding="utf-8"?><testsuites name="pytest tests"><testsuite name="pytest" errors="0" failures="0" skipped="0" tests="21" time="12.318" timestamp="2026-03-23T12:38:30.185149+00:00" hostname="agent-env-f5b86414-0dd7-49bd-8254-79a9d26a31fe"><testcase classname="backend.tests.test_auth_rbac.TestAuthStatus" name="test_auth_status_endpoint_exists" time="0.255" /><testcase classname="backend.tests.test_auth_rbac.TestAuthStatus" name="test_auth_status_returns_configured_true" time="0.138" /><testcase classname="backend.tests.test_auth_rbac.TestSignIn" name="test_admin_signin_returns_access_token" time="1.709" /><testcase classname="backend.tests.test_auth_rbac.TestSignIn" name="test_operator_signin_returns_access_token" time="1.072" /><testcase classname="backend.tests.test_auth_rbac.TestSignIn" name="test_portfolio_signin_returns_access_token" time="1.053" /><testcase classname="backend.tests.test_auth_rbac.TestSignIn" name="test_invalid_credentials_returns_error" time="0.381" /><testcase classname="backend.tests.test_auth_rbac.TestAuthMe" name="test_auth_me_returns_user_info_for_admin" time="0.145" /><testcase classname="backend.tests.test_auth_rbac.TestAuthMe" name="test_auth_me_returns_user_info_for_operator" time="0.105" /><testcase classname="backend.tests.test_auth_rbac.TestAuthMe" name="test_auth_me_returns_user_info_for_portfolio" time="0.096" /><testcase classname="backend.tests.test_auth_rbac.TestAuthMe" name="test_auth_me_without_token_returns_401" time="0.124" /><testcase classname="backend.tests.test_auth_rbac.TestHOWLensAccess" name="test_how_priorities_requires_auth" time="0.134" /><testcase classname="backend.tests.test_auth_rbac.TestHOWLensAccess" name="test_operator_can_access_how_priorities" time="2.381" /><testcase classname="backend.tests.test_auth_rbac.TestHOWLensAccess" name="test_admin_can_access_how_priorities" time="1.839" /><testcase classname="backend.tests.test_auth_rbac.TestHOWLensAccess" name="test_portfolio_cannot_access_how_priorities" time="0.101" /><testcase classname="backend.tests.test_auth_rbac.TestWHERELensAccess" name="test_where_priorities_summary_requires_auth" time="0.098" /><testcase classname="backend.tests.test_auth_rbac.TestWHERELensAccess" name="test_portfolio_can_access_where_priorities_summary" time="0.692" /><testcase classname="backend.tests.test_auth_rbac.TestWHERELensAccess" name="test_admin_can_access_where_priorities_summary" time="0.694" /><testcase classname="backend.tests.test_auth_rbac.TestWHERELensAccess" name="test_operator_cannot_access_where_priorities_summary" time="0.138" /><testcase classname="backend.tests.test_auth_rbac.TestAdminEndpoints" name="test_admin_users_list_requires_admin_role" time="0.104" /><testcase classname="backend.tests.test_auth_rbac.TestAdminEndpoints" name="test_admin_can_list_users" time="0.873" /><testcase classname="backend.tests.test_auth_rbac.TestWebSocketAuth" name="test_ws_status_endpoint_exists" time="0.111" /></testsuite></testsuites>