<?xml version="1.0" encoding="utf-8"?><testsuites name="pytest tests"><testsuite name="pytest" errors="0" failures="1" skipped="0" tests="11" time="217.024" timestamp="2026-03-20T11:01:30.834804+00:00" hostname="agent-env-337a3b23-d5fe-44f4-bca1-aefb7e5623ac"><testcase classname="backend.tests.test_first_five_minutes.TestFirstFiveMinutesDemo" name="test_first_five_minutes_endpoint_returns_200" time="26.149" /><testcase classname="backend.tests.test_first_five_minutes.TestFirstFiveMinutesDemo" name="test_narrative_structure" time="20.392" /><testcase classname="backend.tests.test_first_five_minutes.TestFirstFiveMinutesDemo" name="test_site_context_has_4_assets" time="20.411" /><testcase classname="backend.tests.test_first_five_minutes.TestFirstFiveMinutesDemo" name="test_completed_loop_verified_outcome" time="20.464" /><testcase classname="backend.tests.test_first_five_minutes.TestFirstFiveMinutesDemo" name="test_value_at_risk_total_and_breakdown" time="20.377" /><testcase classname="backend.tests.test_first_five_minutes.TestFirstFiveMinutesDemo" name="test_priority_actions_has_3_actions" time="20.379" /><testcase classname="backend.tests.test_first_five_minutes.TestFirstFiveMinutesDemo" name="test_priority_bands_correct_order" time="20.455" /><testcase classname="backend.tests.test_first_five_minutes.TestFirstFiveMinutesDemo" name="test_continuous_monitoring_status" time="20.394" /><testcase classname="backend.tests.test_first_five_minutes.TestValueSummaryAfterDemo" name="test_value_summary_has_loop_integrity" time="24.147" /><testcase classname="backend.tests.test_first_five_minutes.TestInterventionFromPriority" name="test_create_intervention_for_priority" time="23.714"><failure message="AssertionError: assert 'baseline_frozen' in {'intervention_id': '405f96af-5e23-4f34-b383-7127293c236b', 'message': 'Intervention created. Baseline frozen for verification.', 'state_id': '2595055e-2a8d-405a-bc3a-10e21e4feec4'}">backend/tests/test_first_five_minutes.py:215: in test_create_intervention_for_priority
    assert "baseline_frozen" in data
E   AssertionError: assert 'baseline_frozen' in {'intervention_id': '405f96af-5e23-4f34-b383-7127293c236b', 'message': 'Intervention created. Baseline frozen for verification.', 'state_id': '2595055e-2a8d-405a-bc3a-10e21e4feec4'}</failure></testcase><testcase classname="backend.tests.test_first_five_minutes.TestHealthCheck" name="test_health_endpoint" time="0.049" /></testsuite></testsuites>