<?xml version="1.0" encoding="utf-8"?><testsuites name="pytest tests"><testsuite name="pytest" errors="0" failures="0" skipped="0" tests="31" time="80.030" timestamp="2026-03-27T03:46:20.716180+00:00" hostname="agent-env-1bd910d4-0ab2-4052-a8bf-1477eb621765"><testcase classname="backend.tests.test_iba_refrigeration_analysis.TestIBAEndpointAccess" name="test_portfolio_user_can_access_iba" time="4.915" /><testcase classname="backend.tests.test_iba_refrigeration_analysis.TestIBAEndpointAccess" name="test_operator_user_cannot_access_iba" time="1.257" /><testcase classname="backend.tests.test_iba_refrigeration_analysis.TestIBAEndpointAccess" name="test_admin_user_can_access_iba" time="2.108" /><testcase classname="backend.tests.test_iba_refrigeration_analysis.TestIBAFleetData" name="test_fleet_total_units_is_400" time="1.300" /><testcase classname="backend.tests.test_iba_refrigeration_analysis.TestIBAFleetData" name="test_fleet_site_count_is_8" time="0.903" /><testcase classname="backend.tests.test_iba_refrigeration_analysis.TestIBAFleetData" name="test_fleet_analysis_days_is_30" time="0.902" /><testcase classname="backend.tests.test_iba_refrigeration_analysis.TestIBAFleetData" name="test_fleet_asset_types" time="0.915" /><testcase classname="backend.tests.test_iba_refrigeration_analysis.TestIBADeterminism" name="test_analysis_is_deterministic" time="3.792" /><testcase classname="backend.tests.test_iba_refrigeration_analysis.TestIBAStateDistribution" name="test_state_distribution_realistic" time="0.904" /><testcase classname="backend.tests.test_iba_refrigeration_analysis.TestIBAStateDistribution" name="test_state_distribution_sums_to_100" time="0.914" /><testcase classname="backend.tests.test_iba_refrigeration_analysis.TestIBAStateDistribution" name="test_state_distribution_counts_sum_to_400" time="0.971" /><testcase classname="backend.tests.test_iba_refrigeration_analysis.TestIBABenchmarks" name="test_benchmarks_p25_lt_p50_lt_p75" time="0.907" /><testcase classname="backend.tests.test_iba_refrigeration_analysis.TestIBABenchmarks" name="test_benchmarks_have_units" time="0.909" /><testcase classname="backend.tests.test_iba_refrigeration_analysis.TestIBAOpportunities" name="test_top_opportunity_is_drift_or_degradation" time="0.976" /><testcase classname="backend.tests.test_iba_refrigeration_analysis.TestIBAOpportunities" name="test_opportunities_have_required_fields" time="0.905" /><testcase classname="backend.tests.test_iba_refrigeration_analysis.TestIBAOpportunities" name="test_opportunities_sorted_by_monthly_impact" time="0.929" /><testcase classname="backend.tests.test_iba_refrigeration_analysis.TestIBASiteRanking" name="test_warehouse_is_rank_1" time="0.916" /><testcase classname="backend.tests.test_iba_refrigeration_analysis.TestIBASiteRanking" name="test_warehouse_has_ramp_live_true" time="0.900" /><testcase classname="backend.tests.test_iba_refrigeration_analysis.TestIBASiteRanking" name="test_riverside_has_ramp_live_true" time="0.893" /><testcase classname="backend.tests.test_iba_refrigeration_analysis.TestIBASiteRanking" name="test_site_ranking_has_8_sites" time="0.920" /><testcase classname="backend.tests.test_iba_refrigeration_analysis.TestIBASiteRanking" name="test_site_ranking_sorted_by_opportunity" time="0.907" /><testcase classname="backend.tests.test_iba_refrigeration_analysis.TestIBAScale" name="test_scale_30day_approximately_91k" time="0.967" /><testcase classname="backend.tests.test_iba_refrigeration_analysis.TestIBAScale" name="test_scale_annualized_approximately_1_1m" time="0.894" /><testcase classname="backend.tests.test_iba_refrigeration_analysis.TestIBAScale" name="test_scale_currency_is_usd" time="0.915" /><testcase classname="backend.tests.test_iba_refrigeration_analysis.TestIBARampConnection" name="test_ramp_connection_exists" time="43.561" /><testcase classname="backend.tests.test_iba_refrigeration_analysis.TestIBARampConnection" name="test_ramp_connection_has_active_detection" time="0.925" /><testcase classname="backend.tests.test_iba_refrigeration_analysis.TestIBARampConnection" name="test_ramp_connection_active_detection_is_cold_storage" time="0.944" /><testcase classname="backend.tests.test_iba_refrigeration_analysis.TestIBARampConnection" name="test_ramp_connection_has_verified_proof" time="0.914" /><testcase classname="backend.tests.test_iba_refrigeration_analysis.TestIBATrustSignal" name="test_trust_signal_text" time="0.907" /><testcase classname="backend.tests.test_iba_refrigeration_analysis.TestIBAHighlight" name="test_highlight_site_is_warehouse" time="0.917" /><testcase classname="backend.tests.test_iba_refrigeration_analysis.TestIBAHighlight" name="test_highlight_site_has_ramp_live" time="0.942" /></testsuite></testsuites>