<?xml version="1.0" encoding="utf-8"?><testsuites name="pytest tests"><testsuite name="pytest" errors="0" failures="0" skipped="0" tests="19" time="144.749" timestamp="2026-03-27T05:06:13.353751+00:00" hostname="agent-env-1bd910d4-0ab2-4052-a8bf-1477eb621765"><testcase classname="tests.test_iteration14_scaled_economics.TestFirstFiveMinutesScaledEconomics" name="test_first_five_minutes_returns_scaled_var" time="69.251" /><testcase classname="tests.test_iteration14_scaled_economics.TestFirstFiveMinutesScaledEconomics" name="test_first_five_minutes_total_var_enterprise_scale" time="24.099" /><testcase classname="tests.test_iteration14_scaled_economics.TestFirstFiveMinutesScaledEconomics" name="test_completed_loop_annualized_outcome" time="20.935" /><testcase classname="tests.test_iteration14_scaled_economics.TestSeedPortfolioScaledPriorities" name="test_seed_portfolio_creates_food_processing_facility" time="11.689" /><testcase classname="tests.test_iteration14_scaled_economics.TestIBARefrigerationAnalysis" name="test_iba_returns_800k_plus_30day_opportunity" time="3.421" /><testcase classname="tests.test_iteration14_scaled_economics.TestIBARefrigerationAnalysis" name="test_iba_returns_9m_plus_annualized" time="0.873" /><testcase classname="tests.test_iteration14_scaled_economics.TestIBARefrigerationAnalysis" name="test_iba_fleet_asset_type_counts" time="0.893" /><testcase classname="tests.test_iteration14_scaled_economics.TestIBARefrigerationAnalysis" name="test_iba_site_ranking_only_food_dairy_refrigeration" time="0.899" /><testcase classname="tests.test_iteration14_scaled_economics.TestIBARefrigerationAnalysis" name="test_iba_ramp_connection_verified_proof_format" time="0.886" /><testcase classname="tests.test_iteration14_scaled_economics.TestIBARefrigerationAnalysis" name="test_iba_ramp_connection_message_contains_detected_across_portfolio" time="0.936" /><testcase classname="tests.test_iteration14_scaled_economics.TestIntelligenceOutcomesOperator" name="test_outcomes_returns_savings_unit_per_day" time="2.389" /><testcase classname="tests.test_iteration14_scaled_economics.TestSingleIndustryNarrative" name="test_no_chemical_sites_in_iba" time="0.895" /><testcase classname="tests.test_iteration14_scaled_economics.TestSingleIndustryNarrative" name="test_no_glass_sites_in_iba" time="0.885" /><testcase classname="tests.test_iteration14_scaled_economics.TestSingleIndustryNarrative" name="test_no_pharmaceutical_sites_in_iba" time="0.882" /><testcase classname="tests.test_iteration14_scaled_economics.TestSingleIndustryNarrative" name="test_all_sites_are_food_dairy_refrigeration" time="0.868" /><testcase classname="tests.test_iteration14_scaled_economics.TestBenchmarkInterpretation" name="test_benchmarks_exist_in_iba" time="0.873" /><testcase classname="tests.test_iteration14_scaled_economics.TestConnectorNarrative" name="test_ramp_connection_has_active_detection" time="0.871" /><testcase classname="tests.test_iteration14_scaled_economics.TestConnectorNarrative" name="test_ramp_connection_has_verified_proof" time="0.893" /><testcase classname="tests.test_iteration14_scaled_economics.TestLiveVaREnterpriseScale" name="test_portfolio_var_is_enterprise_scale" time="2.230" /></testsuite></testsuites>