<?xml version="1.0" encoding="utf-8"?><testsuites name="pytest tests"><testsuite name="pytest" errors="0" failures="0" skipped="0" tests="22" time="155.270" timestamp="2026-03-20T11:44:47.147998+00:00" hostname="agent-env-337a3b23-d5fe-44f4-bca1-aefb7e5623ac"><testcase classname="backend.tests.test_lens_contract_compliance.TestHOWPrioritiesLensContract" name="test_priorities_endpoint_returns_200" time="30.460" /><testcase classname="backend.tests.test_lens_contract_compliance.TestHOWPrioritiesLensContract" name="test_priorities_returns_priority_band_not_score" time="1.601" /><testcase classname="backend.tests.test_lens_contract_compliance.TestHOWPrioritiesLensContract" name="test_priorities_returns_confidence_label_not_raw" time="1.342" /><testcase classname="backend.tests.test_lens_contract_compliance.TestHOWPrioritiesLensContract" name="test_priorities_does_not_expose_baseline_value" time="1.340" /><testcase classname="backend.tests.test_lens_contract_compliance.TestHOWPrioritiesLensContract" name="test_priorities_does_not_expose_score_components" time="1.367" /><testcase classname="backend.tests.test_lens_contract_compliance.TestHOWPrioritiesLensContract" name="test_priorities_exposes_action_relevant_context" time="1.343" /><testcase classname="backend.tests.test_lens_contract_compliance.TestHOWPrioritiesLensContract" name="test_priorities_has_valid_structure" time="1.337" /><testcase classname="backend.tests.test_lens_contract_compliance.TestValueSummaryLensContract" name="test_value_summary_endpoint_returns_200" time="25.494" /><testcase classname="backend.tests.test_lens_contract_compliance.TestValueSummaryLensContract" name="test_top_actions_returns_confidence_label_not_raw" time="2.579" /><testcase classname="backend.tests.test_lens_contract_compliance.TestValueSummaryLensContract" name="test_top_actions_returns_severity_band_not_score" time="2.594" /><testcase classname="backend.tests.test_lens_contract_compliance.TestValueSummaryLensContract" name="test_top_actions_does_not_expose_forbidden_fields" time="2.583" /><testcase classname="backend.tests.test_lens_contract_compliance.TestValueSummaryLensContract" name="test_verified_outcomes_returns_confidence_label_not_raw" time="2.601" /><testcase classname="backend.tests.test_lens_contract_compliance.TestValueSummaryLensContract" name="test_verified_outcomes_does_not_expose_forbidden_fields" time="2.584" /><testcase classname="backend.tests.test_lens_contract_compliance.TestFirstFiveMinutesLensContract" name="test_first_five_minutes_returns_200" time="22.019" /><testcase classname="backend.tests.test_lens_contract_compliance.TestFirstFiveMinutesLensContract" name="test_priority_actions_returns_confidence_label_not_percentage" time="0.000" /><testcase classname="backend.tests.test_lens_contract_compliance.TestFirstFiveMinutesLensContract" name="test_priority_actions_has_band_not_score" time="0.000" /><testcase classname="backend.tests.test_lens_contract_compliance.TestConfidenceLabelMapping" name="test_confidence_label_is_consistent_across_endpoints" time="24.744" /><testcase classname="backend.tests.test_lens_contract_compliance.TestConfidenceLabelMapping" name="test_strong_confidence_label_for_high_confidence" time="2.582" /><testcase classname="backend.tests.test_lens_contract_compliance.TestConfidenceLabelMapping" name="test_moderate_confidence_label_for_medium_confidence" time="2.595" /><testcase classname="backend.tests.test_lens_contract_compliance.TestNoRawScoresInResponses" name="test_no_raw_confidence_in_how_priorities" time="23.413" /><testcase classname="backend.tests.test_lens_contract_compliance.TestNoRawScoresInResponses" name="test_no_raw_scores_in_value_summary" time="2.613" /><testcase classname="backend.tests.test_lens_contract_compliance.TestNoRawScoresInResponses" name="test_no_raw_scores_in_first_five_minutes" time="0.000" /></testsuite></testsuites>