<?xml version="1.0" encoding="utf-8"?><testsuites name="pytest tests"><testsuite name="pytest" errors="0" failures="0" skipped="0" tests="19" time="39.655" timestamp="2026-03-27T03:00:15.131870+00:00" hostname="agent-env-1bd910d4-0ab2-4052-a8bf-1477eb621765"><testcase classname="backend.tests.test_portfolio_intelligence.TestAuthentication" name="test_admin_signin" time="2.902" /><testcase classname="backend.tests.test_portfolio_intelligence.TestAuthentication" name="test_operator_signin" time="1.122" /><testcase classname="backend.tests.test_portfolio_intelligence.TestAuthentication" name="test_portfolio_signin" time="1.083" /><testcase classname="backend.tests.test_portfolio_intelligence.TestDemoSeedPortfolio" name="test_seed_portfolio_endpoint" time="2.154" /><testcase classname="backend.tests.test_portfolio_intelligence.TestPortfolioIntelligenceAPI" name="test_portfolio_intelligence_returns_correct_structure" time="2.751" /><testcase classname="backend.tests.test_portfolio_intelligence.TestPortfolioIntelligenceAPI" name="test_portfolio_summary_fields" time="2.594" /><testcase classname="backend.tests.test_portfolio_intelligence.TestPortfolioIntelligenceAPI" name="test_sites_ranked_by_var_descending" time="2.168" /><testcase classname="backend.tests.test_portfolio_intelligence.TestPortfolioIntelligenceAPI" name="test_site_data_structure" time="2.163" /><testcase classname="backend.tests.test_portfolio_intelligence.TestPortfolioIntelligenceAPI" name="test_focus_site_is_highest_var" time="2.752" /><testcase classname="backend.tests.test_portfolio_intelligence.TestPortfolioIntelligenceAPI" name="test_outcomes_aggregated_per_site" time="2.155" /><testcase classname="backend.tests.test_portfolio_intelligence.TestPortfolioIntelligenceAPI" name="test_trust_metrics_correctly_scoped" time="2.364" /><testcase classname="backend.tests.test_portfolio_intelligence.TestPortfolioIntelligenceAPI" name="test_operator_cannot_access_portfolio_intelligence" time="1.170" /><testcase classname="backend.tests.test_portfolio_intelligence.TestPortfolioIntelligenceAPI" name="test_admin_can_access_portfolio_intelligence" time="2.770" /><testcase classname="backend.tests.test_portfolio_intelligence.TestPortfolioVsOperatorMode" name="test_portfolio_user_lens_access" time="1.416" /><testcase classname="backend.tests.test_portfolio_intelligence.TestPortfolioVsOperatorMode" name="test_operator_user_lens_access" time="1.266" /><testcase classname="backend.tests.test_portfolio_intelligence.TestPortfolioVsOperatorMode" name="test_admin_user_lens_access" time="1.255" /><testcase classname="backend.tests.test_portfolio_intelligence.TestPortfolioVsOperatorMode" name="test_operator_can_access_intelligence_summary" time="2.046" /><testcase classname="backend.tests.test_portfolio_intelligence.TestPortfolioVsOperatorMode" name="test_portfolio_can_access_intelligence_summary" time="1.766" /><testcase classname="backend.tests.test_portfolio_intelligence.TestExpectedVaRValues" name="test_seed_and_verify_portfolio_data" time="3.669" /></testsuite></testsuites>