<?xml version="1.0" encoding="utf-8"?><testsuites name="pytest tests"><testsuite name="pytest" errors="0" failures="0" skipped="0" tests="23" time="93.779" timestamp="2026-03-27T03:22:04.924293+00:00" hostname="agent-env-1bd910d4-0ab2-4052-a8bf-1477eb621765"><testcase classname="backend.tests.test_portfolio_commercial_features.TestScaleBanner" name="test_summary_has_annual_exposure" time="46.123" /><testcase classname="backend.tests.test_portfolio_commercial_features.TestScaleBanner" name="test_summary_has_annual_recoverable" time="2.273" /><testcase classname="backend.tests.test_portfolio_commercial_features.TestScaleBanner" name="test_summary_has_total_assets" time="2.230" /><testcase classname="backend.tests.test_portfolio_commercial_features.TestScaleBanner" name="test_scale_banner_values_match_expected" time="2.203" /><testcase classname="backend.tests.test_portfolio_commercial_features.TestReplicationLogic" name="test_replication_section_exists" time="2.230" /><testcase classname="backend.tests.test_portfolio_commercial_features.TestReplicationLogic" name="test_replication_pattern_structure" time="2.267" /><testcase classname="backend.tests.test_portfolio_commercial_features.TestReplicationLogic" name="test_replication_shows_var_per_pattern" time="2.252" /><testcase classname="backend.tests.test_portfolio_commercial_features.TestRepeatabilitySignals" name="test_repeatability_section_exists" time="2.234" /><testcase classname="backend.tests.test_portfolio_commercial_features.TestRepeatabilitySignals" name="test_repeatability_signal_structure" time="2.267" /><testcase classname="backend.tests.test_portfolio_commercial_features.TestRepeatabilitySignals" name="test_drift_condition_is_recurring" time="2.259" /><testcase classname="backend.tests.test_portfolio_commercial_features.TestScaledOutcomes" name="test_scaled_outcomes_section_exists" time="2.779" /><testcase classname="backend.tests.test_portfolio_commercial_features.TestScaledOutcomes" name="test_scaled_outcome_structure" time="2.261" /><testcase classname="backend.tests.test_portfolio_commercial_features.TestScaledOutcomes" name="test_scaled_potential_calculation" time="2.270" /><testcase classname="backend.tests.test_portfolio_commercial_features.TestSiteDrillDown" name="test_sites_have_top_priorities" time="2.245" /><testcase classname="backend.tests.test_portfolio_commercial_features.TestSiteDrillDown" name="test_top_priorities_limited_to_3" time="2.272" /><testcase classname="backend.tests.test_portfolio_commercial_features.TestSiteDrillDown" name="test_top_priority_structure" time="2.221" /><testcase classname="backend.tests.test_portfolio_commercial_features.TestSiteDrillDown" name="test_warehouse_top_priorities" time="2.230" /><testcase classname="backend.tests.test_portfolio_commercial_features.TestSiteDrillDown" name="test_riverside_top_priorities" time="2.245" /><testcase classname="backend.tests.test_portfolio_commercial_features.TestFocusSiteCallout" name="test_focus_site_shows_warehouse" time="2.413" /><testcase classname="backend.tests.test_portfolio_commercial_features.TestOperatorModeUnchanged" name="test_operator_cannot_access_portfolio_endpoint" time="1.258" /><testcase classname="backend.tests.test_portfolio_commercial_features.TestOperatorModeUnchanged" name="test_operator_can_access_how_priorities" time="2.240" /><testcase classname="backend.tests.test_portfolio_commercial_features.TestAdminSeesOperatorView" name="test_admin_lens_access" time="0.141" /><testcase classname="backend.tests.test_portfolio_commercial_features.TestAdminSeesOperatorView" name="test_admin_can_access_how_priorities" time="2.804" /></testsuite></testsuites>