<?xml version="1.0" encoding="utf-8"?><testsuites name="pytest tests"><testsuite name="pytest" errors="0" failures="0" skipped="0" tests="13" time="90.442" timestamp="2026-03-20T10:46:51.176375+00:00" hostname="agent-env-337a3b23-d5fe-44f4-bca1-aefb7e5623ac"><testcase classname="backend.tests.test_proof_of_value.TestValueSummaryEndpoint" name="test_value_summary_endpoint_returns_200" time="1.670" /><testcase classname="backend.tests.test_proof_of_value.TestValueSummaryEndpoint" name="test_value_summary_has_required_sections" time="2.784" /><testcase classname="backend.tests.test_proof_of_value.TestValueSummaryEndpoint" name="test_value_at_risk_structure" time="1.677" /><testcase classname="backend.tests.test_proof_of_value.TestValueSummaryEndpoint" name="test_top_actions_structure" time="1.687" /><testcase classname="backend.tests.test_proof_of_value.TestValueSummaryEndpoint" name="test_recovered_value_structure" time="1.688" /><testcase classname="backend.tests.test_proof_of_value.TestValueSummaryEndpoint" name="test_loop_integrity_structure" time="1.691" /><testcase classname="backend.tests.test_proof_of_value.TestValueSummaryEndpoint" name="test_loop_status_based_on_verification_rate" time="1.675" /><testcase classname="backend.tests.test_proof_of_value.TestRunDemoEndpoint" name="test_run_demo_creates_full_flow" time="24.736" /><testcase classname="backend.tests.test_proof_of_value.TestRunDemoEndpoint" name="test_run_demo_updates_value_summary" time="22.295" /><testcase classname="backend.tests.test_proof_of_value.TestInterventionCreation" name="test_intervention_creation" time="25.481" /><testcase classname="backend.tests.test_proof_of_value.TestValueBreakdownByBand" name="test_var_breakdown_sums_to_total" time="1.657" /><testcase classname="backend.tests.test_proof_of_value.TestTopActionsLimit" name="test_top_actions_limited_to_max" time="1.673" /><testcase classname="backend.tests.test_proof_of_value.TestDataConsistency" name="test_verified_count_matches_outcomes_list" time="1.676" /></testsuite></testsuites>