<?xml version="1.0" encoding="utf-8"?><testsuites name="pytest tests"><testsuite name="pytest" errors="0" failures="0" skipped="0" tests="25" time="287.199" timestamp="2026-03-20T10:30:49.097448+00:00" hostname="agent-env-337a3b23-d5fe-44f4-bca1-aefb7e5623ac"><testcase classname="test_verification_system.TestSystemHealth" name="test_health_endpoint" time="0.145" /><testcase classname="test_verification_system.TestVerificationConfig" name="test_verification_config_endpoint_exists" time="0.106" /><testcase classname="test_verification_system.TestVerificationConfig" name="test_verification_config_has_state_family_configs" time="0.099" /><testcase classname="test_verification_system.TestVerificationConfig" name="test_verification_config_has_intervention_type_configs" time="0.105" /><testcase classname="test_verification_system.TestVerificationConfig" name="test_verification_config_precedence_note" time="0.099" /><testcase classname="test_verification_system.TestPendingOutcomes" name="test_pending_outcomes_endpoint_exists" time="0.665" /><testcase classname="test_verification_system.TestPendingOutcomes" name="test_pending_outcomes_structure" time="0.728" /><testcase classname="test_verification_system.TestVerificationScheduler" name="test_verification_run_endpoint_exists" time="0.709" /><testcase classname="test_verification_system.TestVerificationScheduler" name="test_verification_run_summary_structure" time="0.697" /><testcase classname="test_verification_system.TestCompleteVerificationFlow" name="test_complete_verification_flow" time="20.388" /><testcase classname="test_verification_system.TestCompleteVerificationFlow" name="test_verified_outcome_has_explicit_confidence" time="20.392" /><testcase classname="test_verification_system.TestInsufficientDataScenario" name="test_insufficient_data_scenario" time="12.630" /><testcase classname="test_verification_system.TestInsufficientDataScenario" name="test_insufficient_data_does_not_create_learning" time="13.118" /><testcase classname="test_verification_system.TestLearningRecords" name="test_learning_endpoint_exists" time="21.174" /><testcase classname="test_verification_system.TestLearningRecords" name="test_learning_records_structure" time="21.163" /><testcase classname="test_verification_system.TestLearningRecords" name="test_learning_updates_after_verification" time="41.513" /><testcase classname="test_verification_system.TestRelationalChainCheckpoint" name="test_relational_chain_endpoint_exists" time="22.379" /><testcase classname="test_verification_system.TestRelationalChainCheckpoint" name="test_relational_chain_sql_joins" time="22.773" /><testcase classname="test_verification_system.TestRelationalChainCheckpoint" name="test_full_chain_verified" time="23.313" /><testcase classname="test_verification_system.TestHOWLensAfterVerification" name="test_how_priorities_after_verification" time="5.503" /><testcase classname="test_verification_system.TestHOWLensAfterVerification" name="test_how_asset_state_after_verification" time="5.806" /><testcase classname="test_verification_system.TestHOWLensAfterVerification" name="test_how_intervention_outcome_endpoint" time="21.939" /><testcase classname="test_verification_system.TestWHERELensAfterVerification" name="test_where_priorities_summary" time="5.383" /><testcase classname="test_verification_system.TestWHERELensAfterVerification" name="test_where_site_states" time="5.535" /><testcase classname="test_verification_system.TestVerificationFrozenBaseline" name="test_verification_uses_frozen_baseline" time="20.775" /></testsuite></testsuites>