<?xml version="1.0" encoding="utf-8"?><testsuites name="pytest tests"><testsuite name="pytest" errors="0" failures="0" skipped="1" tests="16" time="152.008" timestamp="2026-03-20T12:32:39.503289+00:00" hostname="agent-env-f5b86414-0dd7-49bd-8254-79a9d26a31fe"><testcase classname="tests.test_state_transition_and_escalation.TestHealthCheck" name="test_api_healthy" time="0.285" /><testcase classname="tests.test_state_transition_and_escalation.TestStateChainEndpoint" name="test_get_chain_success" time="16.859" /><testcase classname="tests.test_state_transition_and_escalation.TestStateChainEndpoint" name="test_get_chain_not_found" time="0.678" /><testcase classname="tests.test_state_transition_and_escalation.TestStateTransitionEndpoint" name="test_transition_superseded" time="13.070" /><testcase classname="tests.test_state_transition_and_escalation.TestStateTransitionEndpoint" name="test_transition_creates_chain" time="0.717"><skipped type="pytest.skip" message="State already transitioned">/app/backend/tests/test_state_transition_and_escalation.py:128: State already transitioned</skipped></testcase><testcase classname="tests.test_state_transition_and_escalation.TestStateTransitionEndpoint" name="test_transition_not_found" time="0.673" /><testcase classname="tests.test_state_transition_and_escalation.TestStateEndEndpoint" name="test_end_state_resolved" time="12.801" /><testcase classname="tests.test_state_transition_and_escalation.TestStateEndEndpoint" name="test_end_state_intervention" time="12.530" /><testcase classname="tests.test_state_transition_and_escalation.TestStateEndEndpoint" name="test_end_state_invalid_type" time="10.641" /><testcase classname="tests.test_state_transition_and_escalation.TestStateEndEndpoint" name="test_end_state_not_found" time="11.186" /><testcase classname="tests.test_state_transition_and_escalation.TestEscalationEndpoints" name="test_escalation_run" time="11.376" /><testcase classname="tests.test_state_transition_and_escalation.TestEscalationEndpoints" name="test_escalation_candidates" time="11.418" /><testcase classname="tests.test_state_transition_and_escalation.TestEscalationEndpoints" name="test_manual_escalate" time="12.154" /><testcase classname="tests.test_state_transition_and_escalation.TestEscalationEndpoints" name="test_manual_escalate_not_found" time="11.205" /><testcase classname="tests.test_state_transition_and_escalation.TestEventAuditTrail" name="test_events_created" time="14.336" /><testcase classname="tests.test_state_transition_and_escalation.TestExistingPrioritiesEndpoint" name="test_priorities_endpoint" time="12.007" /></testsuite></testsuites>