<?xml version="1.0" encoding="utf-8"?><testsuites name="pytest tests"><testsuite name="pytest" errors="0" failures="0" skipped="0" tests="14" time="182.956" timestamp="2026-03-23T11:14:55.263164+00:00" hostname="agent-env-f5b86414-0dd7-49bd-8254-79a9d26a31fe"><testcase classname="tests.test_websocket_implementation.TestWebSocketStatusEndpoint" name="test_ws_status_endpoint_exists" time="0.410" /><testcase classname="tests.test_websocket_implementation.TestWebSocketStatusEndpoint" name="test_ws_status_response_structure" time="0.258" /><testcase classname="tests.test_websocket_implementation.TestExistingEndpointsStillWork" name="test_priorities_endpoint_works" time="18.922" /><testcase classname="tests.test_websocket_implementation.TestExistingEndpointsStillWork" name="test_escalation_run_endpoint_works" time="12.173" /><testcase classname="tests.test_websocket_implementation.TestExistingEndpointsStillWork" name="test_health_endpoint_works" time="11.276" /><testcase classname="tests.test_websocket_implementation.TestWebSocketConnections" name="test_ws_priorities_connection" time="12.053" /><testcase classname="tests.test_websocket_implementation.TestWebSocketConnections" name="test_ws_states_connection" time="17.557" /><testcase classname="tests.test_websocket_implementation.TestWebSocketConnections" name="test_ws_states_invalid_asset" time="12.320" /><testcase classname="tests.test_websocket_implementation.TestWebSocketConnections" name="test_ws_outcomes_connection" time="10.717" /><testcase classname="tests.test_websocket_implementation.TestWebSocketConnections" name="test_ws_heartbeat" time="40.750" /><testcase classname="tests.test_websocket_implementation.TestEventBackboneIntegration" name="test_simulate_drift_creates_events" time="11.357" /><testcase classname="tests.test_websocket_implementation.TestEventBackboneIntegration" name="test_escalation_creates_events" time="11.634" /><testcase classname="tests.test_websocket_implementation.TestLensCompliance" name="test_priority_payload_lens_compliance" time="11.470" /><testcase classname="tests.test_websocket_implementation.TestLensCompliance" name="test_state_payload_lens_compliance" time="11.993" /></testsuite></testsuites>